2024-03-10 21:20:47,955 [INFO] Activator:176 - 


2024-03-10 21:20:47,957 [INFO] Activator:177 - !SESSION log4j initialized
2024-03-10 21:20:50,309 [INFO] LogOutputStream:77 - [STDOUT_REDIRECT] 
2024-03-10 21:20:51,046 [INFO] ApplicationProperties:184 - Using Application install path: /opt/st/stm32cubeide_1.14.0/plugins/com.st.stm32cube.common.mx_6.10.0.202311202037
2024-03-10 21:20:51,055 [INFO] DbMcusXml:78 - Set database path to: /opt/st/stm32cubeide_1.14.0/plugins/com.st.stm32cube.common.mx_6.10.0.202311202037//db//mcu/
2024-03-10 21:20:51,055 [INFO] ApiDb:274 - Set plugin database path to: /opt/st/stm32cubeide_1.14.0/plugins/com.st.stm32cube.common.mx_6.10.0.202311202037//db//plugins/boardmanager/
2024-03-10 21:20:51,055 [WARN] ApiDb:259 - Overriding images path with different value:  => /opt/st/stm32cubeide_1.14.0/plugins/com.st.stm32cube.common.mx_6.10.0.202311202037//db//plugins/mcufinder/images/
2024-03-10 21:20:51,058 [INFO] ApiDb:250 - Set database path to: /home/rodz/.stmcufinder/plugins/mcufinder//mcu/
2024-03-10 21:20:51,058 [INFO] DbMcusAds:125 - Set database path to: /home/rodz/.stmcufinder/plugins/mcufinder//mcu/
2024-03-10 21:20:51,059 [INFO] CrossReferenceDbSqlite:203 - Set database path to: /home/rodz/.stmcufinder/plugins/mcufinder//mcu/cs/
2024-03-10 21:20:51,104 [INFO] RulesReader:64 - Compatibility file has been processed (297 Rules)
2024-03-10 21:20:51,132 [INFO] DbMcusXml:78 - Set database path to: /opt/st/stm32cubeide_1.14.0/plugins/com.st.stm32cube.common.mx_6.10.0.202311202037//db//mcu/
2024-03-10 21:20:51,132 [INFO] ApiDb:274 - Set plugin database path to: /opt/st/stm32cubeide_1.14.0/plugins/com.st.stm32cube.common.mx_6.10.0.202311202037//db//plugins/boardmanager/
2024-03-10 21:20:51,132 [INFO] ApiDb:261 - Set plugin images path to: /opt/st/stm32cubeide_1.14.0/plugins/com.st.stm32cube.common.mx_6.10.0.202311202037//db//plugins/mcufinder/images/
2024-03-10 21:20:51,132 [WARN] DbFile:41 - Overriding database path with different value: /home/rodz/.stmcufinder/plugins/mcufinder/ => /home/rodz/.stmcufinder/plugins/mcufinder
2024-03-10 21:20:51,132 [INFO] ApiDb:250 - Set database path to: /home/rodz/.stmcufinder/plugins/mcufinder//mcu/
2024-03-10 21:20:51,132 [WARN] DbFile:41 - Overriding database path with different value: /home/rodz/.stmcufinder/plugins/mcufinder/ => /home/rodz/.stmcufinder/plugins/mcufinder
2024-03-10 21:20:51,132 [INFO] DbMcusAds:125 - Set database path to: /home/rodz/.stmcufinder/plugins/mcufinder//mcu/
2024-03-10 21:20:51,132 [WARN] DbFile:41 - Overriding database path with different value: /home/rodz/.stmcufinder/plugins/mcufinder/ => /home/rodz/.stmcufinder/plugins/mcufinder
2024-03-10 21:20:51,132 [WARN] DbFile:41 - Overriding database path with different value: /home/rodz/.stmcufinder/plugins/mcufinder/ => /home/rodz/.stmcufinder/plugins/mcufinder
2024-03-10 21:20:51,132 [INFO] CrossReferenceDbSqlite:203 - Set database path to: /home/rodz/.stmcufinder/plugins/mcufinder//mcu/cs/
2024-03-10 21:20:51,164 [INFO] MainPanel:264 - HeapMemory: 268435456
2024-03-10 21:20:51,203 [INFO] DbMcusXml:78 - Set database path to: /opt/st/stm32cubeide_1.14.0/plugins/com.st.stm32cube.common.mx_6.10.0.202311202037//db//mcu/
2024-03-10 21:20:51,203 [INFO] ApiDb:274 - Set plugin database path to: /opt/st/stm32cubeide_1.14.0/plugins/com.st.stm32cube.common.mx_6.10.0.202311202037//db//plugins/boardmanager/
2024-03-10 21:20:51,203 [INFO] ApiDb:261 - Set plugin images path to: /opt/st/stm32cubeide_1.14.0/plugins/com.st.stm32cube.common.mx_6.10.0.202311202037//db//plugins/mcufinder/images/
2024-03-10 21:20:51,203 [WARN] DbFile:41 - Overriding database path with different value: /home/rodz/.stmcufinder/plugins/mcufinder/ => /home/rodz/.stmcufinder/plugins/mcufinder
2024-03-10 21:20:51,203 [INFO] ApiDb:250 - Set database path to: /home/rodz/.stmcufinder/plugins/mcufinder//mcu/
2024-03-10 21:20:51,203 [WARN] DbFile:41 - Overriding database path with different value: /home/rodz/.stmcufinder/plugins/mcufinder/ => /home/rodz/.stmcufinder/plugins/mcufinder
2024-03-10 21:20:51,203 [INFO] DbMcusAds:125 - Set database path to: /home/rodz/.stmcufinder/plugins/mcufinder//mcu/
2024-03-10 21:20:51,203 [WARN] DbFile:41 - Overriding database path with different value: /home/rodz/.stmcufinder/plugins/mcufinder/ => /home/rodz/.stmcufinder/plugins/mcufinder
2024-03-10 21:20:51,203 [WARN] DbFile:41 - Overriding database path with different value: /home/rodz/.stmcufinder/plugins/mcufinder/ => /home/rodz/.stmcufinder/plugins/mcufinder
2024-03-10 21:20:51,203 [INFO] CrossReferenceDbSqlite:203 - Set database path to: /home/rodz/.stmcufinder/plugins/mcufinder//mcu/cs/
2024-03-10 21:20:51,210 [INFO] ApplicationProperties:184 - Using Application install path: /opt/st/stm32cubeide_1.14.0/plugins/com.st.stm32cube.common.mx_6.10.0.202311202037
2024-03-10 21:20:51,210 [INFO] PluginManage:196 - Search for loadable plugins [exclusion list=, ]
2024-03-10 21:20:51,211 [INFO] PluginManage:310 - Check plugin analytics
2024-03-10 21:20:51,272 [INFO] AnalyticsPlugin:253 - Accepted Software Licenses: 
2024-03-10 21:20:51,272 [INFO] AnalyticsPlugin:255 - Accepted CMSIS Pack Licenses: 
2024-03-10 21:20:51,272 [INFO] AnalyticsPlugin:257 - Accepted Firmware Licenses: FW.F4.1.28.0
2024-03-10 21:20:51,273 [INFO] PluginManage:359 - Loaded plugin analytics (category:tool,tabindex:-1)
2024-03-10 21:20:51,273 [INFO] PluginManage:310 - Check plugin cadmodel
2024-03-10 21:20:51,303 [INFO] CADModel:105 - Init CAD model plugin
2024-03-10 21:20:51,304 [INFO] PluginManage:359 - Loaded plugin cadmodel (category:power,tabindex:5)
2024-03-10 21:20:51,304 [INFO] PluginManage:310 - Check plugin clock
2024-03-10 21:20:51,308 [INFO] PluginManage:359 - Loaded plugin clock (category:base,tabindex:2)
2024-03-10 21:20:51,308 [INFO] PluginManage:310 - Check plugin ddr
2024-03-10 21:20:51,309 [INFO] PluginManage:359 - Loaded plugin ddr (category:tool,tabindex:6)
2024-03-10 21:20:51,309 [INFO] PluginManage:310 - Check plugin filemanager
2024-03-10 21:20:51,369 [INFO] PluginManage:359 - Loaded plugin filemanager (category:base,tabindex:10)
2024-03-10 21:20:51,369 [INFO] PluginManage:310 - Check plugin ipmanager
2024-03-10 21:20:51,372 [INFO] PluginManage:359 - Loaded plugin ipmanager (category:base,tabindex:5)
2024-03-10 21:20:51,372 [INFO] PluginManage:310 - Check plugin lpbam
2024-03-10 21:20:51,377 [INFO] PluginManage:359 - Loaded plugin lpbam (category:base,tabindex:0)
2024-03-10 21:20:51,377 [INFO] PluginManage:310 - Check plugin memorymap
2024-03-10 21:20:51,382 [INFO] PluginManage:359 - Loaded plugin memorymap (category:base,tabindex:4)
2024-03-10 21:20:51,382 [INFO] PluginManage:310 - Check plugin pinoutandconfiguration
2024-03-10 21:20:51,386 [INFO] PluginManage:359 - Loaded plugin pinoutandconfiguration (category:base,tabindex:1)
2024-03-10 21:20:51,386 [INFO] PluginManage:310 - Check plugin pinoutconfig
2024-03-10 21:20:51,422 [WARN] SupportedApi:132 - Cannot load RTOS API schema: s4s-elt-must-match.1: The content of 'definitions' must match (annotation?, (simpleType | complexType)?, (unique | key | keyref)*)). A problem was found starting at: attribute.
2024-03-10 21:20:51,480 [INFO] PluginManage:359 - Loaded plugin pinoutconfig (category:base,tabindex:0)
2024-03-10 21:20:51,480 [INFO] PluginManage:310 - Check plugin power
2024-03-10 21:20:51,484 [INFO] PluginManage:359 - Loaded plugin power (category:power,tabindex:4)
2024-03-10 21:20:51,484 [INFO] PluginManage:310 - Check plugin projectmanager
2024-03-10 21:20:51,491 [INFO] PluginManage:359 - Loaded plugin projectmanager (category:projectmanager,tabindex:3)
2024-03-10 21:20:51,491 [INFO] PluginManage:310 - Check plugin thirdparty
2024-03-10 21:20:51,542 [INFO] PluginManage:359 - Loaded plugin thirdparty (category:base,tabindex:-1)
2024-03-10 21:20:51,542 [WARN] IntegrityCheckThread:84 - waiting for thirdparty lock release [integrity check]
2024-03-10 21:20:51,542 [INFO] PluginManage:310 - Check plugin tools
2024-03-10 21:20:51,542 [INFO] IntegrityCheckThread:86 - entering critical section [integrity check]
2024-03-10 21:20:51,543 [INFO] ThirdPartyUpdaterWithRetryManager:70 - Updater plugin not ready yet. [1/15]
2024-03-10 21:20:51,543 [INFO] PluginManage:359 - Loaded plugin tools (category:base,tabindex:7)
2024-03-10 21:20:51,543 [INFO] PluginManage:310 - Check plugin tutovideos
2024-03-10 21:20:51,615 [INFO] PluginManage:359 - Loaded plugin tutovideos (category:base,tabindex:-1)
2024-03-10 21:20:51,615 [INFO] PluginManage:310 - Check plugin updater
2024-03-10 21:20:51,620 [INFO] PluginManage:359 - Loaded plugin updater (category:base,tabindex:12)
2024-03-10 21:20:51,620 [INFO] PluginManage:310 - Check plugin userauth
2024-03-10 21:20:51,622 [INFO] UserAuth:114 - Init User Auth plugin
2024-03-10 21:20:51,623 [INFO] PluginManage:359 - Loaded plugin userauth (category:base,tabindex:14)
2024-03-10 21:20:51,623 [INFO] PluginManage:283 - PluginManage : Loaded plugins [17]
2024-03-10 21:20:51,704 [INFO] PinOutPanel:1499 - setPackage(No Configuration,No Configuration)
2024-03-10 21:20:51,733 [INFO] CADModel:165 - CPN selected for project level
2024-03-10 21:20:51,733 [INFO] CADModel:114 - Register for checkConnection events
2024-03-10 21:20:51,740 [INFO] IPUIPlugin:80 - create IPUIPlugin
2024-03-10 21:20:51,740 [INFO] PluginManager:220 - loadIPPluginJar : add resmgrutility
2024-03-10 21:20:51,742 [INFO] IPUIPlugin:80 - create IPUIPlugin
2024-03-10 21:20:51,742 [INFO] PluginManager:220 - loadIPPluginJar : add ipddr
2024-03-10 21:20:51,743 [INFO] IPUIPlugin:80 - create IPUIPlugin
2024-03-10 21:20:51,743 [INFO] PluginManager:220 - loadIPPluginJar : add spi
2024-03-10 21:20:51,745 [INFO] IPUIPlugin:80 - create IPUIPlugin
2024-03-10 21:20:51,745 [INFO] PluginManager:220 - loadIPPluginJar : add stm32_wpan
2024-03-10 21:20:51,748 [INFO] IPUIPlugin:80 - create IPUIPlugin
2024-03-10 21:20:51,748 [INFO] PluginManager:220 - loadIPPluginJar : add dma
2024-03-10 21:20:51,749 [INFO] IPUIPlugin:80 - create IPUIPlugin
2024-03-10 21:20:51,750 [INFO] PluginManager:220 - loadIPPluginJar : add usbx
2024-03-10 21:20:51,751 [INFO] IPUIPlugin:80 - create IPUIPlugin
2024-03-10 21:20:51,751 [INFO] PluginManager:220 - loadIPPluginJar : add i2c
2024-03-10 21:20:51,751 [INFO] IPUIPlugin:80 - create IPUIPlugin
2024-03-10 21:20:51,751 [INFO] PluginManager:220 - loadIPPluginJar : add fatfs
2024-03-10 21:20:51,752 [INFO] IPUIPlugin:80 - create IPUIPlugin
2024-03-10 21:20:51,752 [INFO] PluginManager:220 - loadIPPluginJar : add gtzc
2024-03-10 21:20:51,753 [INFO] IPUIPlugin:80 - create IPUIPlugin
2024-03-10 21:20:51,754 [INFO] PluginManager:220 - loadIPPluginJar : add i3c
2024-03-10 21:20:51,754 [INFO] IPUIPlugin:80 - create IPUIPlugin
2024-03-10 21:20:51,754 [INFO] PluginManager:220 - loadIPPluginJar : add tsc
2024-03-10 21:20:51,755 [INFO] IPUIPlugin:80 - create IPUIPlugin
2024-03-10 21:20:51,755 [INFO] PluginManager:220 - loadIPPluginJar : add cryp
2024-03-10 21:20:51,756 [INFO] IPUIPlugin:80 - create IPUIPlugin
2024-03-10 21:20:51,756 [INFO] PluginManager:220 - loadIPPluginJar : add gfxmmu
2024-03-10 21:20:51,757 [INFO] IPUIPlugin:80 - create IPUIPlugin
2024-03-10 21:20:51,757 [INFO] PluginManager:220 - loadIPPluginJar : add quadspi
2024-03-10 21:20:51,758 [INFO] IPUIPlugin:80 - create IPUIPlugin
2024-03-10 21:20:51,758 [INFO] PluginManager:220 - loadIPPluginJar : add hash
2024-03-10 21:20:51,758 [INFO] IPUIPlugin:80 - create IPUIPlugin
2024-03-10 21:20:51,758 [INFO] PluginManager:220 - loadIPPluginJar : add tracer_emb
2024-03-10 21:20:51,759 [INFO] IPUIPlugin:80 - create IPUIPlugin
2024-03-10 21:20:51,759 [INFO] PluginManager:220 - loadIPPluginJar : add ltdc
2024-03-10 21:20:51,760 [INFO] IPUIPlugin:80 - create IPUIPlugin
2024-03-10 21:20:51,760 [INFO] PluginManager:220 - loadIPPluginJar : add dfsdm
2024-03-10 21:20:51,761 [INFO] IPUIPlugin:80 - create IPUIPlugin
2024-03-10 21:20:51,761 [INFO] PluginManager:220 - loadIPPluginJar : add nvic
2024-03-10 21:20:51,764 [INFO] IPUIPlugin:80 - create IPUIPlugin
2024-03-10 21:20:51,765 [INFO] PluginManager:220 - loadIPPluginJar : add plateformsettings
2024-03-10 21:20:51,768 [INFO] IPUIPlugin:80 - create IPUIPlugin
2024-03-10 21:20:51,768 [INFO] PluginManager:220 - loadIPPluginJar : add linkedlist
2024-03-10 21:20:51,769 [INFO] IPUIPlugin:80 - create IPUIPlugin
2024-03-10 21:20:51,769 [INFO] PluginManager:220 - loadIPPluginJar : add genericplugin
2024-03-10 21:20:51,770 [INFO] IPUIPlugin:80 - create IPUIPlugin
2024-03-10 21:20:51,770 [INFO] PluginManager:220 - loadIPPluginJar : add pdm2pcm
2024-03-10 21:20:51,771 [INFO] IPUIPlugin:80 - create IPUIPlugin
2024-03-10 21:20:51,771 [INFO] PluginManager:220 - loadIPPluginJar : add usart
2024-03-10 21:20:51,772 [INFO] IPUIPlugin:80 - create IPUIPlugin
2024-03-10 21:20:51,772 [INFO] PluginManager:220 - loadIPPluginJar : add comp
2024-03-10 21:20:51,775 [INFO] IPUIPlugin:80 - create IPUIPlugin
2024-03-10 21:20:51,775 [INFO] PluginManager:220 - loadIPPluginJar : add freertos
2024-03-10 21:20:51,776 [INFO] IPUIPlugin:80 - create IPUIPlugin
2024-03-10 21:20:51,776 [INFO] PluginManager:220 - loadIPPluginJar : add touchsensing
2024-03-10 21:20:51,777 [INFO] IPUIPlugin:80 - create IPUIPlugin
2024-03-10 21:20:51,777 [INFO] PluginManager:220 - loadIPPluginJar : add ts
2024-03-10 21:20:51,778 [INFO] IPUIPlugin:80 - create IPUIPlugin
2024-03-10 21:20:51,778 [INFO] PluginManager:220 - loadIPPluginJar : add tim
2024-03-10 21:20:51,779 [INFO] IPUIPlugin:80 - create IPUIPlugin
2024-03-10 21:20:51,779 [INFO] PluginManager:220 - loadIPPluginJar : add openamp
2024-03-10 21:20:51,782 [INFO] IPUIPlugin:80 - create IPUIPlugin
2024-03-10 21:20:51,782 [INFO] PluginManager:220 - loadIPPluginJar : add mdma
2024-03-10 21:20:51,783 [INFO] IPUIPlugin:80 - create IPUIPlugin
2024-03-10 21:20:51,783 [INFO] PluginManager:220 - loadIPPluginJar : add can
2024-03-10 21:20:51,784 [INFO] IPUIPlugin:80 - create IPUIPlugin
2024-03-10 21:20:51,784 [INFO] PluginManager:220 - loadIPPluginJar : add sai
2024-03-10 21:20:51,785 [INFO] IPUIPlugin:80 - create IPUIPlugin
2024-03-10 21:20:51,785 [INFO] PluginManager:220 - loadIPPluginJar : add lorawan
2024-03-10 21:20:51,786 [INFO] IPUIPlugin:80 - create IPUIPlugin
2024-03-10 21:20:51,786 [INFO] PluginManager:220 - loadIPPluginJar : add opamp
2024-03-10 21:20:51,789 [INFO] IPUIPlugin:80 - create IPUIPlugin
2024-03-10 21:20:51,789 [INFO] PluginManager:220 - loadIPPluginJar : add adc
2024-03-10 21:20:51,789 [INFO] IPUIPlugin:80 - create IPUIPlugin
2024-03-10 21:20:51,789 [INFO] PluginManager:220 - loadIPPluginJar : add i2s
2024-03-10 21:20:51,790 [INFO] IPUIPlugin:80 - create IPUIPlugin
2024-03-10 21:20:51,790 [INFO] PluginManager:220 - loadIPPluginJar : add dma3
2024-03-10 21:20:51,792 [INFO] IPUIPlugin:80 - create IPUIPlugin
2024-03-10 21:20:51,792 [INFO] PluginManager:220 - loadIPPluginJar : add gpio
2024-03-10 21:20:51,795 [INFO] IPUIPlugin:80 - create IPUIPlugin
2024-03-10 21:20:51,795 [INFO] PluginManager:220 - loadIPPluginJar : add gic
2024-03-10 21:20:51,796 [INFO] IPUIPlugin:80 - create IPUIPlugin
2024-03-10 21:20:51,796 [INFO] PluginManager:220 - loadIPPluginJar : add fmc
2024-03-10 21:20:51,797 [INFO] IPUIPlugin:80 - create IPUIPlugin
2024-03-10 21:20:51,797 [INFO] PluginManager:220 - loadIPPluginJar : add ucpd
2024-03-10 21:20:51,798 [INFO] IPUIPlugin:80 - create IPUIPlugin
2024-03-10 21:20:51,798 [INFO] PluginManager:220 - loadIPPluginJar : add aes
2024-03-10 21:20:51,884 [INFO] CADModel:165 - CPN selected for project level
2024-03-10 21:20:51,884 [INFO] CADModel:114 - Register for checkConnection events
2024-03-10 21:20:51,884 [FATAL] Updater:308 - Updater called before beeing initialized
2024-03-10 21:20:51,885 [ERROR] CADModel:125 - Updater not yet initialized, retry later 
2024-03-10 21:20:51,963 [INFO] CADModel:165 - CPN selected for project level
2024-03-10 21:20:51,963 [INFO] CADModel:114 - Register for checkConnection events
2024-03-10 21:20:51,963 [FATAL] Updater:308 - Updater called before beeing initialized
2024-03-10 21:20:51,963 [ERROR] CADModel:125 - Updater not yet initialized, retry later 
2024-03-10 21:20:51,964 [FATAL] Updater:308 - Updater called before beeing initialized
2024-03-10 21:20:51,998 [FATAL] Updater:308 - Updater called before beeing initialized
2024-03-10 21:20:52,000 [INFO] DbMcusAds:53 - JSON generation date=Wed Nov 29 04:52:27 CST 2023 (1701255147349)
2024-03-10 21:20:52,001 [FATAL] Updater:308 - Updater called before beeing initialized
2024-03-10 21:20:52,022 [WARN] DetailPanel:346 - Failed to get advertising image, set to default
2024-03-10 21:20:52,073 [FATAL] Updater:308 - Updater called before beeing initialized
2024-03-10 21:20:52,074 [FATAL] Updater:308 - Updater called before beeing initialized
2024-03-10 21:20:52,074 [FATAL] Updater:308 - Updater called before beeing initialized
2024-03-10 21:20:52,074 [WARN] DetailPanel:346 - Failed to get advertising image, set to default
2024-03-10 21:20:52,075 [FATAL] Updater:308 - Updater called before beeing initialized
2024-03-10 21:20:52,088 [ERROR] Updater:1120 - MainUpdater not yet initialized. External WinMGr cannot be set.
2024-03-10 21:20:52,089 [INFO] Updater:1056 - Updater Version found : 6.10.0
2024-03-10 21:20:52,098 [INFO] ApplicationProperties:184 - Using Application install path: /opt/st/stm32cubeide_1.14.0/plugins/com.st.stm32cube.common.mx_6.10.0.202311202037
2024-03-10 21:20:52,318 [INFO] MainUpdater:2873 - connection check result : 10
2024-03-10 21:20:52,320 [INFO] MainUpdater:290 - Updater Check For Update Now.
2024-03-10 21:20:52,320 [INFO] MicroXplorer:498 - Change Database Version : DB.6.0.100
2024-03-10 21:20:52,331 [INFO] McuFinderGlobals:63 - Set McuFinder mode to 2 (CubeIDE integrated)
2024-03-10 21:20:52,479 [INFO] CheckServerUpdateThread:120 - End of CheckServer Thread
2024-03-10 21:20:52,718 [INFO] UserAuth:404 - Internet connection configuration mode: 1
2024-03-10 21:20:52,738 [INFO] JxBrowserEngine:152 - Initiate JxBrowser Engine with user profile folder
2024-03-10 21:20:53,297 [INFO] WebApp:161 - Instantiating new browser for Auth
2024-03-10 21:20:53,628 [INFO] WebApp:780 - Register for checkConnection events
2024-03-10 21:20:53,629 [INFO] WebApp:414 - Apply proxy settings
2024-03-10 21:20:53,629 [INFO] WebApp:499 - Chromium requires no authentication
2024-03-10 21:20:53,632 [INFO] WebApp:442 - Direct internet connection detected
2024-03-10 21:20:53,692 [INFO] WebApp:192 - Starting web application
2024-03-10 21:20:53,692 [INFO] WebApp:544 - Web application path used /opt/st/stm32cubeide_1.14.0/plugins/com.st.stm32cube.common.mx_6.10.0.202311202037/db/plugins/mcufinder/reactClient1/index.html
2024-03-10 21:20:54,615 [WARN] PackLoader:240 - Cannot read IP mode file for STMicroelectronics.X-CUBE-SMBUS.2.1.0
2024-03-10 21:20:54,618 [WARN] PackLoader:240 - Cannot read IP mode file for STMicroelectronics.X-CUBE-TOUCHGFX.4.23.0
2024-03-10 21:20:54,629 [WARN] PackLoader:240 - Cannot read IP mode file for STMicroelectronics.X-CUBE-AZRTOS-F7.1.1.0
2024-03-10 21:20:54,633 [WARN] PackLoader:240 - Cannot read IP mode file for STMicroelectronics.FP-SNS-MOTENV1.4.3.2
2024-03-10 21:20:54,636 [WARN] PackLoader:240 - Cannot read IP mode file for STMicroelectronics.FP-SNS-FLIGHT1.5.0.2
2024-03-10 21:20:54,640 [WARN] PackLoader:240 - Cannot read IP mode file for STMicroelectronics.X-CUBE-DISPLAY.3.0.0
2024-03-10 21:20:54,646 [WARN] PackLoader:240 - Cannot read IP mode file for STMicroelectronics.X-CUBE-BLE1.7.0.0
2024-03-10 21:20:54,648 [WARN] PackLoader:240 - Cannot read IP mode file for emotas.I-CUBE-CANOPEN.1.3.0
2024-03-10 21:20:54,650 [WARN] PackLoader:240 - Cannot read IP mode file for STMicroelectronics.FP-SNS-SMARTAG2.1.2.0
2024-03-10 21:20:54,656 [INFO] LogOutputStream:77 - [STDOUT_REDIRECT] 1 : Invalid condition id : UX_CORESTACK_Condition cause : null
2024-03-10 21:20:54,656 [INFO] LogOutputStream:77 - [STDOUT_REDIRECT] 1 : Invalid condition id : UX_CORESTACK_Condition cause : null
2024-03-10 21:20:54,656 [INFO] LogOutputStream:77 - [STDOUT_REDIRECT] 1 : Invalid condition id : UX_CORESTACK_Condition cause : null
2024-03-10 21:20:54,657 [INFO] LogOutputStream:77 - [STDOUT_REDIRECT] 1 : Invalid condition id : UX_CORESTACK_Condition cause : null
2024-03-10 21:20:54,657 [INFO] LogOutputStream:77 - [STDOUT_REDIRECT] 1 : Invalid condition id : UX_CORESTACK_Condition cause : null
2024-03-10 21:20:54,660 [WARN] PackLoader:240 - Cannot read IP mode file for STMicroelectronics.X-CUBE-AZRTOS-WL.2.0.0
2024-03-10 21:20:54,667 [WARN] PackLoader:240 - Cannot read IP mode file for WES.I-CUBE-Cesium.1.3.0
2024-03-10 21:20:54,669 [WARN] PackLoader:240 - Cannot read IP mode file for STMicroelectronics.X-CUBE-BLE2.3.3.0
2024-03-10 21:20:54,672 [WARN] PackLoader:240 - Cannot read IP mode file for STMicroelectronics.X-CUBE-ALGOBUILD.1.3.0
2024-03-10 21:20:54,679 [WARN] PackLoader:240 - Cannot read IP mode file for STMicroelectronics.X-CUBE-AZRTOS-G0.1.1.0
2024-03-10 21:20:54,682 [WARN] PackLoader:240 - Cannot read IP mode file for STMicroelectronics.X-CUBE-NFC4.3.0.0
2024-03-10 21:20:54,684 [WARN] PackLoader:240 - Cannot read IP mode file for STMicroelectronics.FP-ATR-SIGFOX1.3.2.0
2024-03-10 21:20:54,686 [WARN] PackLoader:240 - Cannot read IP mode file for STMicroelectronics.X-CUBE-EEPRMA1.5.1.0
2024-03-10 21:20:54,709 [WARN] PackLoader:240 - Cannot read IP mode file for SEGGER.I-CUBE-embOS.1.3.1
2024-03-10 21:20:54,727 [WARN] PackLoader:240 - Cannot read IP mode file for STMicroelectronics.X-CUBE-GNSS1.6.0.0
2024-03-10 21:20:54,736 [WARN] PackLoader:240 - Cannot read IP mode file for STMicroelectronics.X-CUBE-AZRTOS-F4.1.1.0
2024-03-10 21:20:54,739 [WARN] PackLoader:240 - Cannot read IP mode file for wolfSSL.I-CUBE-wolfSSL.5.6.6
2024-03-10 21:20:54,747 [WARN] PackLoader:240 - Cannot read IP mode file for STMicroelectronics.X-CUBE-AZRTOS-L5.2.0.0
2024-03-10 21:20:54,750 [WARN] PackLoader:240 - Cannot read IP mode file for ITTIA_DB.I-CUBE-ITTIADB.8.8.0
2024-03-10 21:20:54,752 [WARN] PackLoader:240 - Cannot read IP mode file for STMicroelectronics.X-CUBE-NFC7.1.0.1
2024-03-10 21:20:54,756 [WARN] PackLoader:240 - Cannot read IP mode file for STMicroelectronics.X-CUBE-NFC6.3.0.0
2024-03-10 21:20:54,758 [WARN] PackLoader:240 - Cannot read IP mode file for STMicroelectronics.X-CUBE-AI.8.1.0
2024-03-10 21:20:54,764 [WARN] ConditionMgr:438 - getConditionDescription Invalid condition id : LAN8742 Phy interface Condition cause : null
2024-03-10 21:20:54,765 [WARN] PackLoader:240 - Cannot read IP mode file for STMicroelectronics.X-CUBE-AZRTOS-L4.2.0.0
2024-03-10 21:20:54,766 [WARN] ConditionMgr:1039 - genDependencies : Invalid condition id : LAN8742 Phy interface Condition cause : null
2024-03-10 21:20:54,766 [WARN] ConditionMgr:1039 - genDependencies : Invalid condition id : LAN8742 Phy interface Condition cause : null
2024-03-10 21:20:54,766 [WARN] ConditionMgr:1039 - genDependencies : Invalid condition id : LAN8742 Phy interface Condition cause : null
2024-03-10 21:20:54,769 [WARN] PackLoader:240 - Cannot read IP mode file for STMicroelectronics.X-CUBE-SFXS2LP1.4.0.0
2024-03-10 21:20:54,774 [WARN] ConditionMgr:438 - getConditionDescription Invalid condition id : UX DEVICE CLASS RTOS Condition cause : null
2024-03-10 21:20:54,774 [WARN] ConditionMgr:438 - getConditionDescription Invalid condition id : UX DEVICE CLASS RTOS Condition cause : null
2024-03-10 21:20:54,775 [WARN] PackLoader:240 - Cannot read IP mode file for STMicroelectronics.X-CUBE-AZRTOS-WB.2.0.0
2024-03-10 21:20:54,775 [WARN] ConditionMgr:1039 - genDependencies : Invalid condition id : UX DEVICE CLASS RTOS Condition cause : null
2024-03-10 21:20:54,775 [WARN] ConditionMgr:1039 - genDependencies : Invalid condition id : UX DEVICE CLASS RTOS Condition cause : null
2024-03-10 21:20:54,775 [WARN] ConditionMgr:1039 - genDependencies : Invalid condition id : UX DEVICE CLASS RTOS Condition cause : null
2024-03-10 21:20:54,775 [WARN] ConditionMgr:1039 - genDependencies : Invalid condition id : UX DEVICE CLASS RTOS Condition cause : null
2024-03-10 21:20:54,775 [WARN] ConditionMgr:1039 - genDependencies : Invalid condition id : UX DEVICE CLASS RTOS Condition cause : null
2024-03-10 21:20:54,779 [WARN] PackLoader:240 - Cannot read IP mode file for STMicroelectronics.X-CUBE-SUBG2.5.0.0
2024-03-10 21:20:54,786 [WARN] PackLoader:240 - Cannot read IP mode file for STMicroelectronics.X-CUBE-AZRTOS-G4.2.0.0
2024-03-10 21:20:54,790 [WARN] PackLoader:240 - Cannot read IP mode file for Infineon.AIROC-Wi-Fi-Bluetooth-STM32.1.5.1
2024-03-10 21:20:54,793 [WARN] PackLoader:240 - Cannot read IP mode file for STMicroelectronics.X-CUBE-ISPU.2.0.0
2024-03-10 21:20:54,807 [WARN] PackLoader:240 - Cannot read IP mode file for STMicroelectronics.X-CUBE-MEMS1.10.0.0
2024-03-10 21:20:54,881 [WARN] PackLoader:240 - Cannot read IP mode file for STMicroelectronics.X-CUBE-FREERTOS.1.1.0
2024-03-10 21:20:54,883 [WARN] PackLoader:240 - Cannot read IP mode file for portGmbH.I-Cube-SoM-uGOAL.1.1.0
2024-03-10 21:20:54,885 [WARN] PackLoader:240 - Cannot read IP mode file for STMicroelectronics.X-CUBE-ALS.1.0.1
2024-03-10 21:20:54,886 [WARN] PackLoader:240 - Cannot read IP mode file for STMicroelectronics.FP-ATR-ASTRA1.2.0.0
2024-03-10 21:20:54,891 [WARN] PackLoader:240 - Cannot read IP mode file for STMicroelectronics.X-CUBE-TOF1.3.4.1
2024-03-10 21:20:54,902 [WARN] PackLoader:240 - Cannot read IP mode file for STMicroelectronics.X-CUBE-AZRTOS-H7.3.2.0
2024-03-10 21:20:54,904 [INFO] ThirdParty:978 - Integrity check success = true
2024-03-10 21:20:54,904 [INFO] IntegrityCheckThread:100 - exiting critical section [integrity check]
2024-03-10 21:20:54,904 [INFO] IntegrityCheckThread:103 - End integrity checks thread
2024-03-10 21:21:14,014 [ERROR] LogOutputStream:75 - [STDERR_REDIRECT] SLF4J: Failed to load class "org.slf4j.impl.StaticLoggerBinder".
2024-03-10 21:21:14,014 [ERROR] LogOutputStream:75 - [STDERR_REDIRECT] SLF4J: Defaulting to no-operation (NOP) logger implementation
2024-03-10 21:21:14,015 [ERROR] LogOutputStream:75 - [STDERR_REDIRECT] SLF4J: See http://www.slf4j.org/codes.html#StaticLoggerBinder for further details.
2024-03-10 21:21:21,958 [ERROR] LogOutputStream:75 - [STDERR_REDIRECT] Mar 10, 2024 9:21:21 PM java.util.prefs.FileSystemPreferences checkLockFile0ErrorCode
2024-03-10 21:21:21,959 [ERROR] LogOutputStream:75 - [STDERR_REDIRECT] WARNING: Could not lock System prefs. Unix error code 32272.
2024-03-10 21:21:21,959 [ERROR] LogOutputStream:75 - [STDERR_REDIRECT] 
2024-03-10 21:21:21,960 [ERROR] LogOutputStream:75 - [STDERR_REDIRECT] Mar 10, 2024 9:21:21 PM java.util.prefs.FileSystemPreferences syncWorld
2024-03-10 21:21:21,961 [ERROR] LogOutputStream:75 - [STDERR_REDIRECT] WARNING: Couldn't flush system prefs: java.util.prefs.BackingStoreException: Couldn't get file lock.
2024-03-10 21:21:21,961 [ERROR] LogOutputStream:75 - [STDERR_REDIRECT] 
2024-03-10 21:21:51,942 [ERROR] LogOutputStream:75 - [STDERR_REDIRECT] Mar 10, 2024 9:21:51 PM java.util.prefs.FileSystemPreferences checkLockFile0ErrorCode
2024-03-10 21:21:51,943 [ERROR] LogOutputStream:75 - [STDERR_REDIRECT] WARNING: Could not lock System prefs. Unix error code 0.
2024-03-10 21:21:51,943 [ERROR] LogOutputStream:75 - [STDERR_REDIRECT] 
2024-03-10 21:21:51,944 [ERROR] LogOutputStream:75 - [STDERR_REDIRECT] Mar 10, 2024 9:21:51 PM java.util.prefs.FileSystemPreferences syncWorld
2024-03-10 21:21:51,944 [ERROR] LogOutputStream:75 - [STDERR_REDIRECT] WARNING: Couldn't flush system prefs: java.util.prefs.BackingStoreException: Couldn't get file lock.
2024-03-10 21:21:51,944 [ERROR] LogOutputStream:75 - [STDERR_REDIRECT] 
2024-03-10 21:22:21,942 [ERROR] LogOutputStream:75 - [STDERR_REDIRECT] Mar 10, 2024 9:22:21 PM java.util.prefs.FileSystemPreferences checkLockFile0ErrorCode
2024-03-10 21:22:21,943 [ERROR] LogOutputStream:75 - [STDERR_REDIRECT] WARNING: Could not lock System prefs. Unix error code 0.
2024-03-10 21:22:21,943 [ERROR] LogOutputStream:75 - [STDERR_REDIRECT] 
2024-03-10 21:22:21,944 [ERROR] LogOutputStream:75 - [STDERR_REDIRECT] Mar 10, 2024 9:22:21 PM java.util.prefs.FileSystemPreferences syncWorld
2024-03-10 21:22:21,945 [ERROR] LogOutputStream:75 - [STDERR_REDIRECT] WARNING: Couldn't flush system prefs: java.util.prefs.BackingStoreException: Couldn't get file lock.
2024-03-10 21:22:21,945 [ERROR] LogOutputStream:75 - [STDERR_REDIRECT] 
2024-03-10 21:22:51,941 [ERROR] LogOutputStream:75 - [STDERR_REDIRECT] Mar 10, 2024 9:22:51 PM java.util.prefs.FileSystemPreferences checkLockFile0ErrorCode
2024-03-10 21:22:51,941 [ERROR] LogOutputStream:75 - [STDERR_REDIRECT] WARNING: Could not lock System prefs. Unix error code 0.
2024-03-10 21:22:51,941 [ERROR] LogOutputStream:75 - [STDERR_REDIRECT] 
2024-03-10 21:22:51,941 [ERROR] LogOutputStream:75 - [STDERR_REDIRECT] Mar 10, 2024 9:22:51 PM java.util.prefs.FileSystemPreferences syncWorld
2024-03-10 21:22:51,941 [ERROR] LogOutputStream:75 - [STDERR_REDIRECT] WARNING: Couldn't flush system prefs: java.util.prefs.BackingStoreException: Couldn't get file lock.
2024-03-10 21:22:51,941 [ERROR] LogOutputStream:75 - [STDERR_REDIRECT] 
2024-03-10 21:23:21,941 [ERROR] LogOutputStream:75 - [STDERR_REDIRECT] Mar 10, 2024 9:23:21 PM java.util.prefs.FileSystemPreferences checkLockFile0ErrorCode
2024-03-10 21:23:21,941 [ERROR] LogOutputStream:75 - [STDERR_REDIRECT] WARNING: Could not lock System prefs. Unix error code 0.
2024-03-10 21:23:21,941 [ERROR] LogOutputStream:75 - [STDERR_REDIRECT] 
2024-03-10 21:23:21,941 [ERROR] LogOutputStream:75 - [STDERR_REDIRECT] Mar 10, 2024 9:23:21 PM java.util.prefs.FileSystemPreferences syncWorld
2024-03-10 21:23:21,941 [ERROR] LogOutputStream:75 - [STDERR_REDIRECT] WARNING: Couldn't flush system prefs: java.util.prefs.BackingStoreException: Couldn't get file lock.
2024-03-10 21:23:21,941 [ERROR] LogOutputStream:75 - [STDERR_REDIRECT] 
2024-03-10 21:23:51,946 [ERROR] LogOutputStream:75 - [STDERR_REDIRECT] Mar 10, 2024 9:23:51 PM java.util.prefs.FileSystemPreferences checkLockFile0ErrorCode
2024-03-10 21:23:51,946 [ERROR] LogOutputStream:75 - [STDERR_REDIRECT] WARNING: Could not lock System prefs. Unix error code 32272.
2024-03-10 21:23:51,947 [ERROR] LogOutputStream:75 - [STDERR_REDIRECT] 
2024-03-10 21:23:51,947 [ERROR] LogOutputStream:75 - [STDERR_REDIRECT] Mar 10, 2024 9:23:51 PM java.util.prefs.FileSystemPreferences syncWorld
2024-03-10 21:23:51,948 [ERROR] LogOutputStream:75 - [STDERR_REDIRECT] WARNING: Couldn't flush system prefs: java.util.prefs.BackingStoreException: Couldn't get file lock.
2024-03-10 21:23:51,948 [ERROR] LogOutputStream:75 - [STDERR_REDIRECT] 
2024-03-10 21:24:21,944 [ERROR] LogOutputStream:75 - [STDERR_REDIRECT] Mar 10, 2024 9:24:21 PM java.util.prefs.FileSystemPreferences checkLockFile0ErrorCode
2024-03-10 21:24:21,945 [ERROR] LogOutputStream:75 - [STDERR_REDIRECT] WARNING: Could not lock System prefs. Unix error code 32272.
2024-03-10 21:24:21,945 [ERROR] LogOutputStream:75 - [STDERR_REDIRECT] 
2024-03-10 21:24:21,946 [ERROR] LogOutputStream:75 - [STDERR_REDIRECT] Mar 10, 2024 9:24:21 PM java.util.prefs.FileSystemPreferences syncWorld
2024-03-10 21:24:21,946 [ERROR] LogOutputStream:75 - [STDERR_REDIRECT] WARNING: Couldn't flush system prefs: java.util.prefs.BackingStoreException: Couldn't get file lock.
2024-03-10 21:24:21,946 [ERROR] LogOutputStream:75 - [STDERR_REDIRECT] 
2024-03-10 21:24:51,942 [ERROR] LogOutputStream:75 - [STDERR_REDIRECT] Mar 10, 2024 9:24:51 PM java.util.prefs.FileSystemPreferences checkLockFile0ErrorCode
2024-03-10 21:24:51,943 [ERROR] LogOutputStream:75 - [STDERR_REDIRECT] WARNING: Could not lock System prefs. Unix error code 32272.
2024-03-10 21:24:51,943 [ERROR] LogOutputStream:75 - [STDERR_REDIRECT] 
2024-03-10 21:24:51,944 [ERROR] LogOutputStream:75 - [STDERR_REDIRECT] Mar 10, 2024 9:24:51 PM java.util.prefs.FileSystemPreferences syncWorld
2024-03-10 21:24:51,944 [ERROR] LogOutputStream:75 - [STDERR_REDIRECT] WARNING: Couldn't flush system prefs: java.util.prefs.BackingStoreException: Couldn't get file lock.
2024-03-10 21:24:51,944 [ERROR] LogOutputStream:75 - [STDERR_REDIRECT] 
2024-03-10 21:25:21,941 [ERROR] LogOutputStream:75 - [STDERR_REDIRECT] Mar 10, 2024 9:25:21 PM java.util.prefs.FileSystemPreferences checkLockFile0ErrorCode
2024-03-10 21:25:21,942 [ERROR] LogOutputStream:75 - [STDERR_REDIRECT] WARNING: Could not lock System prefs. Unix error code 32272.
2024-03-10 21:25:21,942 [ERROR] LogOutputStream:75 - [STDERR_REDIRECT] 
2024-03-10 21:25:21,943 [ERROR] LogOutputStream:75 - [STDERR_REDIRECT] Mar 10, 2024 9:25:21 PM java.util.prefs.FileSystemPreferences syncWorld
2024-03-10 21:25:21,943 [ERROR] LogOutputStream:75 - [STDERR_REDIRECT] WARNING: Couldn't flush system prefs: java.util.prefs.BackingStoreException: Couldn't get file lock.
2024-03-10 21:25:21,943 [ERROR] LogOutputStream:75 - [STDERR_REDIRECT] 
2024-03-10 21:25:51,943 [ERROR] LogOutputStream:75 - [STDERR_REDIRECT] Mar 10, 2024 9:25:51 PM java.util.prefs.FileSystemPreferences checkLockFile0ErrorCode
2024-03-10 21:25:51,943 [ERROR] LogOutputStream:75 - [STDERR_REDIRECT] WARNING: Could not lock System prefs. Unix error code 32272.
2024-03-10 21:25:51,944 [ERROR] LogOutputStream:75 - [STDERR_REDIRECT] 
2024-03-10 21:25:51,944 [ERROR] LogOutputStream:75 - [STDERR_REDIRECT] Mar 10, 2024 9:25:51 PM java.util.prefs.FileSystemPreferences syncWorld
2024-03-10 21:25:51,944 [ERROR] LogOutputStream:75 - [STDERR_REDIRECT] WARNING: Couldn't flush system prefs: java.util.prefs.BackingStoreException: Couldn't get file lock.
2024-03-10 21:25:51,945 [ERROR] LogOutputStream:75 - [STDERR_REDIRECT] 
2024-03-10 21:26:21,945 [ERROR] LogOutputStream:75 - [STDERR_REDIRECT] Mar 10, 2024 9:26:21 PM java.util.prefs.FileSystemPreferences checkLockFile0ErrorCode
2024-03-10 21:26:21,946 [ERROR] LogOutputStream:75 - [STDERR_REDIRECT] WARNING: Could not lock System prefs. Unix error code 32272.
2024-03-10 21:26:21,946 [ERROR] LogOutputStream:75 - [STDERR_REDIRECT] 
2024-03-10 21:26:21,947 [ERROR] LogOutputStream:75 - [STDERR_REDIRECT] Mar 10, 2024 9:26:21 PM java.util.prefs.FileSystemPreferences syncWorld
2024-03-10 21:26:21,947 [ERROR] LogOutputStream:75 - [STDERR_REDIRECT] WARNING: Couldn't flush system prefs: java.util.prefs.BackingStoreException: Couldn't get file lock.
2024-03-10 21:26:21,947 [ERROR] LogOutputStream:75 - [STDERR_REDIRECT] 
2024-03-10 21:26:51,942 [ERROR] LogOutputStream:75 - [STDERR_REDIRECT] Mar 10, 2024 9:26:51 PM java.util.prefs.FileSystemPreferences checkLockFile0ErrorCode
2024-03-10 21:26:51,943 [ERROR] LogOutputStream:75 - [STDERR_REDIRECT] WARNING: Could not lock System prefs. Unix error code 32272.
2024-03-10 21:26:51,943 [ERROR] LogOutputStream:75 - [STDERR_REDIRECT] 
2024-03-10 21:26:51,944 [ERROR] LogOutputStream:75 - [STDERR_REDIRECT] Mar 10, 2024 9:26:51 PM java.util.prefs.FileSystemPreferences syncWorld
2024-03-10 21:26:51,944 [ERROR] LogOutputStream:75 - [STDERR_REDIRECT] WARNING: Couldn't flush system prefs: java.util.prefs.BackingStoreException: Couldn't get file lock.
2024-03-10 21:26:51,944 [ERROR] LogOutputStream:75 - [STDERR_REDIRECT] 
2024-03-10 21:27:21,946 [ERROR] LogOutputStream:75 - [STDERR_REDIRECT] Mar 10, 2024 9:27:21 PM java.util.prefs.FileSystemPreferences checkLockFile0ErrorCode
2024-03-10 21:27:21,946 [ERROR] LogOutputStream:75 - [STDERR_REDIRECT] WARNING: Could not lock System prefs. Unix error code 32272.
2024-03-10 21:27:21,947 [ERROR] LogOutputStream:75 - [STDERR_REDIRECT] 
2024-03-10 21:27:21,947 [ERROR] LogOutputStream:75 - [STDERR_REDIRECT] Mar 10, 2024 9:27:21 PM java.util.prefs.FileSystemPreferences syncWorld
2024-03-10 21:27:21,948 [ERROR] LogOutputStream:75 - [STDERR_REDIRECT] WARNING: Couldn't flush system prefs: java.util.prefs.BackingStoreException: Couldn't get file lock.
2024-03-10 21:27:21,948 [ERROR] LogOutputStream:75 - [STDERR_REDIRECT] 
2024-03-10 21:27:51,943 [ERROR] LogOutputStream:75 - [STDERR_REDIRECT] Mar 10, 2024 9:27:51 PM java.util.prefs.FileSystemPreferences checkLockFile0ErrorCode
2024-03-10 21:27:51,943 [ERROR] LogOutputStream:75 - [STDERR_REDIRECT] WARNING: Could not lock System prefs. Unix error code 32272.
2024-03-10 21:27:51,943 [ERROR] LogOutputStream:75 - [STDERR_REDIRECT] 
2024-03-10 21:27:51,944 [ERROR] LogOutputStream:75 - [STDERR_REDIRECT] Mar 10, 2024 9:27:51 PM java.util.prefs.FileSystemPreferences syncWorld
2024-03-10 21:27:51,944 [ERROR] LogOutputStream:75 - [STDERR_REDIRECT] WARNING: Couldn't flush system prefs: java.util.prefs.BackingStoreException: Couldn't get file lock.
2024-03-10 21:27:51,944 [ERROR] LogOutputStream:75 - [STDERR_REDIRECT] 
